1653385029875:hello+
1653385181767:ad
1653385192675:add 1 2
1653385200351:add 3 5 6
1653385205957:add 1 2 3 4 5
1653388349259:SETT gp hpla
1653388365852:SET gp hola
1653388380623:stacktrace
1653407511236:add
1653407518110:sett
1653407608604:get
1653407632112:sett "ola" "hau"
1653407931916:stacktrace
1653409721266:set
1653409724688:SET
1653409758996:GET
1653409856929:SET "1" "ola Mundo"
1653410063675:SET "1" "Hola Mundo"
1653410565328:SET 1 hola mundo
1653410580597:SET 1 "HOLA MUNDO"
1653410593567:stacktrace
1653410632772:help
1653410658872:SET "" "ola Mundo"
1653410798521:SET 1 "ola MUndo"
